22:52:33 **** Incremental Build of configuration Debug for project W25Q_SPI ****
make -j8 all 
arm-none-eabi-gcc "../Core/Src/main.c" -mcpu=cortex-m3 -std=gnu11 -g3 -DDEBUG -DUSE_HAL_DRIVER -DSTM32F103xB -c -I../Core/Inc -I../Drivers/STM32F1xx_HAL_Driver/Inc/Legacy -I../Drivers/STM32F1xx_HAL_Driver/Inc -I../Drivers/CMSIS/Device/ST/STM32F1xx/Include -I../Drivers/CMSIS/Include -O0 -ffunction-sections -fdata-sections -Wall -fstack-usage -MMD -MP -MF"Core/Src/main.d" -MT"Core/Src/main.o" --specs=nano.specs -mfloat-abi=soft -mthumb -o "Core/Src/main.o"
arm-none-eabi-gcc -o "W25Q_SPI.elf" @"objects.list"   -mcpu=cortex-m3 -T"/home/hoanganh/STM32CubeIDE/workspace_1.11.0/W25Q_SPI/STM32F103C8TX_FLASH.ld" --specs=nosys.specs -Wl,-Map="W25Q_SPI.map" -Wl,--gc-sections -static --specs=nano.specs -mfloat-abi=soft -mthumb -Wl,--start-group -lc -lm -Wl,--end-group
Finished building target: W25Q_SPI.elf
 
arm-none-eabi-size   W25Q_SPI.elf 
arm-none-eabi-objdump -h -S  W25Q_SPI.elf  > "W25Q_SPI.list"
   text	   data	    bss	    dec	    hex	filename
  12216	    120	   1760	  14096	   3710	W25Q_SPI.elf
Finished building: default.size.stdout
 
Finished building: W25Q_SPI.list
 
22:52:41 **** Incremental Build of configuration Debug for project W25Q_SPI ****
make -j8 all 
arm-none-eabi-size   W25Q_SPI.elf 
   text	   data	    bss	    dec	    hex	filename
  12216	    120	   1760	  14096	   3710	W25Q_SPI.elf
Finished building: default.size.stdout
 
22:53:46 **** Incremental Build of configuration Debug for project W25Q_SPI ****
make -j8 all 
arm-none-eabi-size   W25Q_SPI.elf 
   text	   data	    bss	    dec	    hex	filename
  12216	    120	   1760	  14096	   3710	W25Q_SPI.elf
Finished building: default.size.stdout
 
22:54:41 **** Incremental Build of configuration Debug for project W25Q_SPI ****
make -j8 all 
arm-none-eabi-gcc "../Core/Src/main.c" -mcpu=cortex-m3 -std=gnu11 -g3 -DDEBUG -DUSE_HAL_DRIVER -DSTM32F103xB -c -I../Core/Inc -I../Drivers/STM32F1xx_HAL_Driver/Inc/Legacy -I../Drivers/STM32F1xx_HAL_Driver/Inc -I../Drivers/CMSIS/Device/ST/STM32F1xx/Include -I../Drivers/CMSIS/Include -O0 -ffunction-sections -fdata-sections -Wall -fstack-usage -MMD -MP -MF"Core/Src/main.d" -MT"Core/Src/main.o" --specs=nano.specs -mfloat-abi=soft -mthumb -o "Core/Src/main.o"
../Core/Src/main.c: In function 'main':
../Core/Src/main.c:183:20: warning: format '%lX' expects argument of type 'long unsigned int', but argument 3 has type 'uint64_t' {aka 'long long unsigned int'} [-Wformat=]
  183 |    sprintf(str1,"%lX\r\n",id);
      |                  ~~^      ~~
      |                    |      |
      |                    |      uint64_t {aka long long unsigned int}
      |                    long unsigned int
      |                  %llX
arm-none-eabi-gcc -o "W25Q_SPI.elf" @"objects.list"   -mcpu=cortex-m3 -T"/home/hoanganh/STM32CubeIDE/workspace_1.11.0/W25Q_SPI/STM32F103C8TX_FLASH.ld" --specs=nosys.specs -Wl,-Map="W25Q_SPI.map" -Wl,--gc-sections -static --specs=nano.specs -mfloat-abi=soft -mthumb -Wl,--start-group -lc -lm -Wl,--end-group
Finished building target: W25Q_SPI.elf
 
arm-none-eabi-size   W25Q_SPI.elf 
arm-none-eabi-objdump -h -S  W25Q_SPI.elf  > "W25Q_SPI.list"
   text	   data	    bss	    dec	    hex	filename
  12116	    120	   1760	  13996	   36ac	W25Q_SPI.elf
Finished building: default.size.stdout
 
Finished building: W25Q_SPI.list
 
23:02:55 **** Incremental Build of configuration Debug for project W25Q_SPI ****
make -j8 all 
arm-none-eabi-gcc "../Core/Src/main.c" -mcpu=cortex-m3 -std=gnu11 -g3 -DDEBUG -DUSE_HAL_DRIVER -DSTM32F103xB -c -I../Core/Inc -I../Drivers/STM32F1xx_HAL_Driver/Inc/Legacy -I../Drivers/STM32F1xx_HAL_Driver/Inc -I../Drivers/CMSIS/Device/ST/STM32F1xx/Include -I../Drivers/CMSIS/Include -O0 -ffunction-sections -fdata-sections -Wall -fstack-usage -MMD -MP -MF"Core/Src/main.d" -MT"Core/Src/main.o" --specs=nano.specs -mfloat-abi=soft -mthumb -o "Core/Src/main.o"
arm-none-eabi-gcc -o "W25Q_SPI.elf" @"objects.list"   -mcpu=cortex-m3 -T"/home/hoanganh/STM32CubeIDE/workspace_1.11.0/W25Q_SPI/STM32F103C8TX_FLASH.ld" --specs=nosys.specs -Wl,-Map="W25Q_SPI.map" -Wl,--gc-sections -static --specs=nano.specs -mfloat-abi=soft -mthumb -Wl,--start-group -lc -lm -Wl,--end-group
Finished building target: W25Q_SPI.elf
 
arm-none-eabi-size   W25Q_SPI.elf 
arm-none-eabi-objdump -h -S  W25Q_SPI.elf  > "W25Q_SPI.list"
   text	   data	    bss	    dec	    hex	filename
  11832	    120	   1760	  13712	   3590	W25Q_SPI.elf
Finished building: default.size.stdout
 
Finished building: W25Q_SPI.list
 
23:08:24 **** Incremental Build of configuration Debug for project W25Q_SPI ****
make -j8 all 
arm-none-eabi-gcc "../Core/Src/main.c" -mcpu=cortex-m3 -std=gnu11 -g3 -DDEBUG -DUSE_HAL_DRIVER -DSTM32F103xB -c -I../Core/Inc -I../Drivers/STM32F1xx_HAL_Driver/Inc/Legacy -I../Drivers/STM32F1xx_HAL_Driver/Inc -I../Drivers/CMSIS/Device/ST/STM32F1xx/Include -I../Drivers/CMSIS/Include -O0 -ffunction-sections -fdata-sections -Wall -fstack-usage -MMD -MP -MF"Core/Src/main.d" -MT"Core/Src/main.o" --specs=nano.specs -mfloat-abi=soft -mthumb -o "Core/Src/main.o"
arm-none-eabi-gcc -o "W25Q_SPI.elf" @"objects.list"   -mcpu=cortex-m3 -T"/home/hoanganh/STM32CubeIDE/workspace_1.11.0/W25Q_SPI/STM32F103C8TX_FLASH.ld" --specs=nosys.specs -Wl,-Map="W25Q_SPI.map" -Wl,--gc-sections -static --specs=nano.specs -mfloat-abi=soft -mthumb -Wl,--start-group -lc -lm -Wl,--end-group
Finished building target: W25Q_SPI.elf
 
arm-none-eabi-size   W25Q_SPI.elf 
arm-none-eabi-objdump -h -S  W25Q_SPI.elf  > "W25Q_SPI.list"
   text	   data	    bss	    dec	    hex	filename
  11832	    120	   1760	  13712	   3590	W25Q_SPI.elf
Finished building: default.size.stdout
 
Finished building: W25Q_SPI.list
 
23:09:37 **** Incremental Build of configuration Debug for project W25Q_SPI ****
make -j8 all 
arm-none-eabi-size   W25Q_SPI.elf 
   text	   data	    bss	    dec	    hex	filename
  11832	    120	   1760	  13712	   3590	W25Q_SPI.elf
Finished building: default.size.stdout
 
